

Started GET "/team/members" for 127.0.0.1 at Sat Feb 12 11:27:33 -0800 2011
  Processing by MembersController#index as HTML
Exist fragment? views/all_members (0.1ms)
Rendered members/index.html.erb within layouts/application (2.9ms)
Completed   in 21ms

ActionView::Template::Error (SQLite3::SQLException: no such table: members: SELECT "members".* FROM "members" WHERE ("members"."mentor" = 'f') AND (year >= 2011)):
    17:     <section class="column">
    18:       <h2>Students</h2>
    19:       <ul>
    20:         <% @students.each do |student| %>
    21:           <li><%= link_to student.name, member_path(student) %></li>
    22:         <% end %>
    23:       </ul>
  app/views/members/index.html.erb:20:in `_app_views_members_index_html_erb__534767237_2174015600_0'
  app/views/members/index.html.erb:16:in `_app_views_members_index_html_erb__534767237_2174015600_0'

Rendered /Users/alex/.rvm/gems/ruby-1.8.7-p330@global/gems/actionpack-3.0.3/lib/action_dispatch/middleware/templates/rescues/_trace.erb (0.7ms)
Rendered /Users/alex/.rvm/gems/ruby-1.8.7-p330@global/gems/actionpack-3.0.3/lib/action_dispatch/middleware/templates/rescues/_request_and_response.erb (2.3ms)
Rendered /Users/alex/.rvm/gems/ruby-1.8.7-p330@global/gems/actionpack-3.0.3/lib/action_dispatch/middleware/templates/rescues/template_error.erb within rescues/layout (6.6ms)


Started GET "/team/members" for 127.0.0.1 at Sat Feb 12 11:27:51 -0800 2011
  Processing by MembersController#index as HTML
Exist fragment? views/all_members (0.2ms)
Write fragment views/all_members (2.1ms)
Rendered members/index.html.erb within layouts/application (8.6ms)
Completed 200 OK in 26ms (Views: 11.4ms | ActiveRecord: 0.7ms)


Started GET "/stylesheets/screen.css?1297487365" for 127.0.0.1 at Sat Feb 12 11:27:52 -0800 2011

ActionController::RoutingError (No route matches "/stylesheets/screen.css"):
  

Rendered /Users/alex/.rvm/gems/ruby-1.8.7-p330@global/gems/actionpack-3.0.3/lib/action_dispatch/middleware/templates/rescues/routing_error.erb within rescues/layout (0.7ms)


Started GET "/stylesheets/print.css?1297487365" for 127.0.0.1 at Sat Feb 12 11:27:52 -0800 2011

ActionController::RoutingError (No route matches "/stylesheets/print.css"):
  

Rendered /Users/alex/.rvm/gems/ruby-1.8.7-p330@global/gems/actionpack-3.0.3/lib/action_dispatch/middleware/templates/rescues/routing_error.erb within rescues/layout (0.7ms)


Started GET "/javascripts/rails.js?1296871254" for 127.0.0.1 at Sat Feb 12 11:27:52 -0800 2011

ActionController::RoutingError (No route matches "/javascripts/rails.js"):
  

Rendered /Users/alex/.rvm/gems/ruby-1.8.7-p330@global/gems/actionpack-3.0.3/lib/action_dispatch/middleware/templates/rescues/routing_error.erb within rescues/layout (0.7ms)


Started GET "/javascripts/application.js?1296871254" for 127.0.0.1 at Sat Feb 12 11:27:52 -0800 2011

ActionController::RoutingError (No route matches "/javascripts/application.js"):
  

Rendered /Users/alex/.rvm/gems/ruby-1.8.7-p330@global/gems/actionpack-3.0.3/lib/action_dispatch/middleware/templates/rescues/routing_error.erb within rescues/layout (0.9ms)


Started GET "/images/team-picture.jpg?1297487365" for 127.0.0.1 at Sat Feb 12 11:27:52 -0800 2011

ActionController::RoutingError (No route matches "/images/team-picture.jpg"):
  

Rendered /Users/alex/.rvm/gems/ruby-1.8.7-p330@global/gems/actionpack-3.0.3/lib/action_dispatch/middleware/templates/rescues/routing_error.erb within rescues/layout (1.0ms)


Started GET "/team/members" for 127.0.0.1 at Sat Feb 12 11:27:52 -0800 2011
  Processing by MembersController#index as HTML
Exist fragment? views/all_members (0.3ms)
Read fragment views/all_members (0.0ms)
Rendered members/index.html.erb within layouts/application (3.7ms)
Completed 200 OK in 5ms (Views: 4.3ms | ActiveRecord: 0.0ms)


Started GET "/stylesheets/screen.css?1297487365" for 127.0.0.1 at Sat Feb 12 11:27:52 -0800 2011

ActionController::RoutingError (No route matches "/stylesheets/screen.css"):
  

Rendered /Users/alex/.rvm/gems/ruby-1.8.7-p330@global/gems/actionpack-3.0.3/lib/action_dispatch/middleware/templates/rescues/routing_error.erb within rescues/layout (1.1ms)


Started GET "/stylesheets/print.css?1297487365" for 127.0.0.1 at Sat Feb 12 11:27:53 -0800 2011

ActionController::RoutingError (No route matches "/stylesheets/print.css"):
  

Rendered /Users/alex/.rvm/gems/ruby-1.8.7-p330@global/gems/actionpack-3.0.3/lib/action_dispatch/middleware/templates/rescues/routing_error.erb within rescues/layout (0.7ms)


Started GET "/javascripts/rails.js?1296871254" for 127.0.0.1 at Sat Feb 12 11:27:53 -0800 2011

ActionController::RoutingError (No route matches "/javascripts/rails.js"):
  

Rendered /Users/alex/.rvm/gems/ruby-1.8.7-p330@global/gems/actionpack-3.0.3/lib/action_dispatch/middleware/templates/rescues/routing_error.erb within rescues/layout (0.9ms)


Started GET "/javascripts/application.js?1296871254" for 127.0.0.1 at Sat Feb 12 11:27:53 -0800 2011

ActionController::RoutingError (No route matches "/javascripts/application.js"):
  

Rendered /Users/alex/.rvm/gems/ruby-1.8.7-p330@global/gems/actionpack-3.0.3/lib/action_dispatch/middleware/templates/rescues/routing_error.erb within rescues/layout (1.0ms)


Started GET "/images/team-picture.jpg?1297487365" for 127.0.0.1 at Sat Feb 12 11:27:53 -0800 2011

ActionController::RoutingError (No route matches "/images/team-picture.jpg"):
  

Rendered /Users/alex/.rvm/gems/ruby-1.8.7-p330@global/gems/actionpack-3.0.3/lib/action_dispatch/middleware/templates/rescues/routing_error.erb within rescues/layout (0.6ms)


Started GET "/team/members" for 127.0.0.1 at Sat Feb 12 11:27:53 -0800 2011
  Processing by MembersController#index as HTML
Exist fragment? views/all_members (0.3ms)
Read fragment views/all_members (0.0ms)
Rendered members/index.html.erb within layouts/application (4.2ms)
Completed 200 OK in 6ms (Views: 4.9ms | ActiveRecord: 0.0ms)


Started GET "/stylesheets/screen.css?1297487365" for 127.0.0.1 at Sat Feb 12 11:27:53 -0800 2011

ActionController::RoutingError (No route matches "/stylesheets/screen.css"):
  

Rendered /Users/alex/.rvm/gems/ruby-1.8.7-p330@global/gems/actionpack-3.0.3/lib/action_dispatch/middleware/templates/rescues/routing_error.erb within rescues/layout (0.7ms)


Started GET "/javascripts/application.js?1296871254" for 127.0.0.1 at Sat Feb 12 11:27:53 -0800 2011

ActionController::RoutingError (No route matches "/javascripts/application.js"):
  

Rendered /Users/alex/.rvm/gems/ruby-1.8.7-p330@global/gems/actionpack-3.0.3/lib/action_dispatch/middleware/templates/rescues/routing_error.erb within rescues/layout (0.9ms)


Started GET "/javascripts/rails.js?1296871254" for 127.0.0.1 at Sat Feb 12 11:27:53 -0800 2011

ActionController::RoutingError (No route matches "/javascripts/rails.js"):
  

Rendered /Users/alex/.rvm/gems/ruby-1.8.7-p330@global/gems/actionpack-3.0.3/lib/action_dispatch/middleware/templates/rescues/routing_error.erb within rescues/layout (1.2ms)


Started GET "/stylesheets/print.css?1297487365" for 127.0.0.1 at Sat Feb 12 11:27:53 -0800 2011

ActionController::RoutingError (No route matches "/stylesheets/print.css"):
  

Rendered /Users/alex/.rvm/gems/ruby-1.8.7-p330@global/gems/actionpack-3.0.3/lib/action_dispatch/middleware/templates/rescues/routing_error.erb within rescues/layout (0.9ms)


Started GET "/images/team-picture.jpg?1297487365" for 127.0.0.1 at Sat Feb 12 11:27:53 -0800 2011

ActionController::RoutingError (No route matches "/images/team-picture.jpg"):
  

Rendered /Users/alex/.rvm/gems/ruby-1.8.7-p330@global/gems/actionpack-3.0.3/lib/action_dispatch/middleware/templates/rescues/routing_error.erb within rescues/layout (0.6ms)


Started GET "/team/members" for 127.0.0.1 at Sat Feb 12 11:27:54 -0800 2011
  Processing by MembersController#index as HTML
Exist fragment? views/all_members (0.2ms)
Read fragment views/all_members (0.0ms)
Rendered members/index.html.erb within layouts/application (3.5ms)
Completed 200 OK in 5ms (Views: 4.0ms | ActiveRecord: 0.0ms)


Started GET "/stylesheets/screen.css?1297487365" for 127.0.0.1 at Sat Feb 12 11:27:54 -0800 2011

ActionController::RoutingError (No route matches "/stylesheets/screen.css"):
  

Rendered /Users/alex/.rvm/gems/ruby-1.8.7-p330@global/gems/actionpack-3.0.3/lib/action_dispatch/middleware/templates/rescues/routing_error.erb within rescues/layout (0.7ms)


Started GET "/stylesheets/print.css?1297487365" for 127.0.0.1 at Sat Feb 12 11:27:54 -0800 2011

ActionController::RoutingError (No route matches "/stylesheets/print.css"):
  

Rendered /Users/alex/.rvm/gems/ruby-1.8.7-p330@global/gems/actionpack-3.0.3/lib/action_dispatch/middleware/templates/rescues/routing_error.erb within rescues/layout (1.1ms)


Started GET "/javascripts/application.js?1296871254" for 127.0.0.1 at Sat Feb 12 11:27:54 -0800 2011

ActionController::RoutingError (No route matches "/javascripts/application.js"):
  

Rendered /Users/alex/.rvm/gems/ruby-1.8.7-p330@global/gems/actionpack-3.0.3/lib/action_dispatch/middleware/templates/rescues/routing_error.erb within rescues/layout (1.1ms)


Started GET "/javascripts/rails.js?1296871254" for 127.0.0.1 at Sat Feb 12 11:27:54 -0800 2011

ActionController::RoutingError (No route matches "/javascripts/rails.js"):
  

Rendered /Users/alex/.rvm/gems/ruby-1.8.7-p330@global/gems/actionpack-3.0.3/lib/action_dispatch/middleware/templates/rescues/routing_error.erb within rescues/layout (0.7ms)


Started GET "/images/team-picture.jpg?1297487365" for 127.0.0.1 at Sat Feb 12 11:27:54 -0800 2011

ActionController::RoutingError (No route matches "/images/team-picture.jpg"):
  

Rendered /Users/alex/.rvm/gems/ruby-1.8.7-p330@global/gems/actionpack-3.0.3/lib/action_dispatch/middleware/templates/rescues/routing_error.erb within rescues/layout (0.7ms)


Started GET "/team/members" for 127.0.0.1 at Sat Feb 12 11:28:00 -0800 2011
  Processing by MembersController#index as HTML
Exist fragment? views/all_members (0.2ms)
Read fragment views/all_members (0.0ms)
Rendered members/index.html.erb within layouts/application (3.6ms)
Completed 200 OK in 5ms (Views: 4.2ms | ActiveRecord: 0.0ms)


Started GET "/stylesheets/screen.css?1297487365" for 127.0.0.1 at Sat Feb 12 11:28:01 -0800 2011

ActionController::RoutingError (No route matches "/stylesheets/screen.css"):
  

Rendered /Users/alex/.rvm/gems/ruby-1.8.7-p330@global/gems/actionpack-3.0.3/lib/action_dispatch/middleware/templates/rescues/routing_error.erb within rescues/layout (0.8ms)


Started GET "/stylesheets/print.css?1297487365" for 127.0.0.1 at Sat Feb 12 11:28:01 -0800 2011

ActionController::RoutingError (No route matches "/stylesheets/print.css"):
  

Rendered /Users/alex/.rvm/gems/ruby-1.8.7-p330@global/gems/actionpack-3.0.3/lib/action_dispatch/middleware/templates/rescues/routing_error.erb within rescues/layout (1.2ms)


Started GET "/javascripts/rails.js?1296871254" for 127.0.0.1 at Sat Feb 12 11:28:01 -0800 2011

ActionController::RoutingError (No route matches "/javascripts/rails.js"):
  

Rendered /Users/alex/.rvm/gems/ruby-1.8.7-p330@global/gems/actionpack-3.0.3/lib/action_dispatch/middleware/templates/rescues/routing_error.erb within rescues/layout (0.9ms)


Started GET "/javascripts/application.js?1296871254" for 127.0.0.1 at Sat Feb 12 11:28:01 -0800 2011

ActionController::RoutingError (No route matches "/javascripts/application.js"):
  

Rendered /Users/alex/.rvm/gems/ruby-1.8.7-p330@global/gems/actionpack-3.0.3/lib/action_dispatch/middleware/templates/rescues/routing_error.erb within rescues/layout (0.8ms)


Started GET "/images/team-picture.jpg?1297487365" for 127.0.0.1 at Sat Feb 12 11:28:01 -0800 2011

ActionController::RoutingError (No route matches "/images/team-picture.jpg"):
  

Rendered /Users/alex/.rvm/gems/ruby-1.8.7-p330@global/gems/actionpack-3.0.3/lib/action_dispatch/middleware/templates/rescues/routing_error.erb within rescues/layout (0.7ms)


Started GET "/sign_in" for 127.0.0.1 at Sat Feb 12 11:28:29 -0800 2011

ActionController::RoutingError (No route matches "/sign_in"):
  

Rendered /Users/alex/.rvm/gems/ruby-1.8.7-p330@global/gems/actionpack-3.0.3/lib/action_dispatch/middleware/templates/rescues/routing_error.erb within rescues/layout (0.6ms)


Started GET "/sign-in" for 127.0.0.1 at Sat Feb 12 11:28:44 -0800 2011
  Processing by SessionController#show as HTML
Rendered session/show.html.erb within layouts/application (3.7ms)
Completed 200 OK in 7ms (Views: 6.1ms | ActiveRecord: 0.0ms)


Started GET "/stylesheets/screen.css?1297487365" for 127.0.0.1 at Sat Feb 12 11:28:44 -0800 2011

ActionController::RoutingError (No route matches "/stylesheets/screen.css"):
  

Rendered /Users/alex/.rvm/gems/ruby-1.8.7-p330@global/gems/actionpack-3.0.3/lib/action_dispatch/middleware/templates/rescues/routing_error.erb within rescues/layout (1.0ms)


Started GET "/javascripts/rails.js?1296871254" for 127.0.0.1 at Sat Feb 12 11:28:44 -0800 2011

ActionController::RoutingError (No route matches "/javascripts/rails.js"):
  

Rendered /Users/alex/.rvm/gems/ruby-1.8.7-p330@global/gems/actionpack-3.0.3/lib/action_dispatch/middleware/templates/rescues/routing_error.erb within rescues/layout (0.7ms)


Started GET "/stylesheets/print.css?1297487365" for 127.0.0.1 at Sat Feb 12 11:28:44 -0800 2011

ActionController::RoutingError (No route matches "/stylesheets/print.css"):
  

Rendered /Users/alex/.rvm/gems/ruby-1.8.7-p330@global/gems/actionpack-3.0.3/lib/action_dispatch/middleware/templates/rescues/routing_error.erb within rescues/layout (1.1ms)


Started GET "/javascripts/application.js?1296871254" for 127.0.0.1 at Sat Feb 12 11:28:44 -0800 2011

ActionController::RoutingError (No route matches "/javascripts/application.js"):
  

Rendered /Users/alex/.rvm/gems/ruby-1.8.7-p330@global/gems/actionpack-3.0.3/lib/action_dispatch/middleware/templates/rescues/routing_error.erb within rescues/layout (0.7ms)


Started POST "/session" for 127.0.0.1 at Sat Feb 12 11:28:50 -0800 2011
  Processing by SessionController#create as HTML
  Parameters: {"authenticity_token"=>"Rco+AG3FJ1XfkcB8ABaweGlvox7H4dw3iDvDEd0ayhU=", "utf8"=>"✓", "password"=>"[FILTERED]"}
Redirected to http://localhost:3000/team/members
Completed 302 Found in 1ms


Started GET "/team/members" for 127.0.0.1 at Sat Feb 12 11:28:50 -0800 2011
  Processing by MembersController#index as HTML
Exist fragment? views/all_members (0.2ms)
Read fragment views/all_members (0.0ms)
Rendered members/index.html.erb within layouts/application (3.9ms)
Completed 200 OK in 5ms (Views: 4.5ms | ActiveRecord: 0.0ms)


Started GET "/stylesheets/print.css?1297487365" for 127.0.0.1 at Sat Feb 12 11:28:50 -0800 2011

ActionController::RoutingError (No route matches "/stylesheets/print.css"):
  

Rendered /Users/alex/.rvm/gems/ruby-1.8.7-p330@global/gems/actionpack-3.0.3/lib/action_dispatch/middleware/templates/rescues/routing_error.erb within rescues/layout (1.1ms)


Started GET "/stylesheets/screen.css?1297487365" for 127.0.0.1 at Sat Feb 12 11:28:50 -0800 2011

ActionController::RoutingError (No route matches "/stylesheets/screen.css"):
  

Rendered /Users/alex/.rvm/gems/ruby-1.8.7-p330@global/gems/actionpack-3.0.3/lib/action_dispatch/middleware/templates/rescues/routing_error.erb within rescues/layout (0.7ms)


Started GET "/javascripts/application.js?1296871254" for 127.0.0.1 at Sat Feb 12 11:28:50 -0800 2011

ActionController::RoutingError (No route matches "/javascripts/application.js"):
  

Rendered /Users/alex/.rvm/gems/ruby-1.8.7-p330@global/gems/actionpack-3.0.3/lib/action_dispatch/middleware/templates/rescues/routing_error.erb within rescues/layout (0.9ms)


Started GET "/javascripts/rails.js?1296871254" for 127.0.0.1 at Sat Feb 12 11:28:50 -0800 2011

ActionController::RoutingError (No route matches "/javascripts/rails.js"):
  

Rendered /Users/alex/.rvm/gems/ruby-1.8.7-p330@global/gems/actionpack-3.0.3/lib/action_dispatch/middleware/templates/rescues/routing_error.erb within rescues/layout (1.3ms)


Started GET "/images/team-picture.jpg?1297487365" for 127.0.0.1 at Sat Feb 12 11:28:50 -0800 2011

ActionController::RoutingError (No route matches "/images/team-picture.jpg"):
  

Rendered /Users/alex/.rvm/gems/ruby-1.8.7-p330@global/gems/actionpack-3.0.3/lib/action_dispatch/middleware/templates/rescues/routing_error.erb within rescues/layout (0.7ms)


Started GET "/team/members/new" for 127.0.0.1 at Sat Feb 12 11:28:53 -0800 2011
  Processing by MembersController#new as HTML
Rendered members/_form.html.erb (5.4ms)
Rendered members/new.html.erb within layouts/application (15.2ms)
Completed 200 OK in 18ms (Views: 16.8ms | ActiveRecord: 0.0ms)


Started GET "/stylesheets/screen.css?1297487365" for 127.0.0.1 at Sat Feb 12 11:28:54 -0800 2011

ActionController::RoutingError (No route matches "/stylesheets/screen.css"):
  

Rendered /Users/alex/.rvm/gems/ruby-1.8.7-p330@global/gems/actionpack-3.0.3/lib/action_dispatch/middleware/templates/rescues/routing_error.erb within rescues/layout (0.7ms)


Started GET "/stylesheets/print.css?1297487365" for 127.0.0.1 at Sat Feb 12 11:28:54 -0800 2011

ActionController::RoutingError (No route matches "/stylesheets/print.css"):
  

Rendered /Users/alex/.rvm/gems/ruby-1.8.7-p330@global/gems/actionpack-3.0.3/lib/action_dispatch/middleware/templates/rescues/routing_error.erb within rescues/layout (0.7ms)


Started GET "/javascripts/rails.js?1296871254" for 127.0.0.1 at Sat Feb 12 11:28:54 -0800 2011

ActionController::RoutingError (No route matches "/javascripts/rails.js"):
  

Rendered /Users/alex/.rvm/gems/ruby-1.8.7-p330@global/gems/actionpack-3.0.3/lib/action_dispatch/middleware/templates/rescues/routing_error.erb within rescues/layout (1.0ms)


Started GET "/javascripts/application.js?1296871254" for 127.0.0.1 at Sat Feb 12 11:28:54 -0800 2011

ActionController::RoutingError (No route matches "/javascripts/application.js"):
  

Rendered /Users/alex/.rvm/gems/ruby-1.8.7-p330@global/gems/actionpack-3.0.3/lib/action_dispatch/middleware/templates/rescues/routing_error.erb within rescues/layout (1.2ms)


Started POST "/team/members" for 127.0.0.1 at Sat Feb 12 11:29:00 -0800 2011
  Processing by MembersController#create as HTML
  Parameters: {"member"=>{"name"=>"sdfgadfg", "mentor"=>"0", "picture_url"=>"", "college"=>"", "year"=>"", "subteam"=>"", "biography"=>""}, "authenticity_token"=>"Rco+AG3FJ1XfkcB8ABaweGlvox7H4dw3iDvDEd0ayhU=", "utf8"=>"✓"}
Rendered members/_form.html.erb (3.4ms)
Rendered members/new.html.erb within layouts/application (7.3ms)
Completed 200 OK in 13ms (Views: 8.3ms | ActiveRecord: 0.0ms)


Started GET "/stylesheets/screen.css?1297487365" for 127.0.0.1 at Sat Feb 12 11:29:00 -0800 2011

ActionController::RoutingError (No route matches "/stylesheets/screen.css"):
  

Rendered /Users/alex/.rvm/gems/ruby-1.8.7-p330@global/gems/actionpack-3.0.3/lib/action_dispatch/middleware/templates/rescues/routing_error.erb within rescues/layout (0.7ms)


Started GET "/javascripts/rails.js?1296871254" for 127.0.0.1 at Sat Feb 12 11:29:00 -0800 2011

ActionController::RoutingError (No route matches "/javascripts/rails.js"):
  

Rendered /Users/alex/.rvm/gems/ruby-1.8.7-p330@global/gems/actionpack-3.0.3/lib/action_dispatch/middleware/templates/rescues/routing_error.erb within rescues/layout (0.7ms)


Started GET "/stylesheets/print.css?1297487365" for 127.0.0.1 at Sat Feb 12 11:29:00 -0800 2011

ActionController::RoutingError (No route matches "/stylesheets/print.css"):
  

Rendered /Users/alex/.rvm/gems/ruby-1.8.7-p330@global/gems/actionpack-3.0.3/lib/action_dispatch/middleware/templates/rescues/routing_error.erb within rescues/layout (0.7ms)


Started GET "/javascripts/application.js?1296871254" for 127.0.0.1 at Sat Feb 12 11:29:00 -0800 2011

ActionController::RoutingError (No route matches "/javascripts/application.js"):
  

Rendered /Users/alex/.rvm/gems/ruby-1.8.7-p330@global/gems/actionpack-3.0.3/lib/action_dispatch/middleware/templates/rescues/routing_error.erb within rescues/layout (1.0ms)


Started POST "/team/members" for 127.0.0.1 at Sat Feb 12 11:29:09 -0800 2011
  Processing by MembersController#create as HTML
  Parameters: {"member"=>{"name"=>"sdfgadfg", "mentor"=>"0", "picture_url"=>"http://a.com", "college"=>"", "year"=>"", "subteam"=>"", "biography"=>""}, "authenticity_token"=>"Rco+AG3FJ1XfkcB8ABaweGlvox7H4dw3iDvDEd0ayhU=", "utf8"=>"✓"}
Rendered members/_form.html.erb (3.3ms)
Rendered members/new.html.erb within layouts/application (7.5ms)
Completed 200 OK in 12ms (Views: 8.1ms | ActiveRecord: 0.0ms)


Started GET "/stylesheets/screen.css?1297487365" for 127.0.0.1 at Sat Feb 12 11:29:10 -0800 2011

ActionController::RoutingError (No route matches "/stylesheets/screen.css"):
  

Rendered /Users/alex/.rvm/gems/ruby-1.8.7-p330@global/gems/actionpack-3.0.3/lib/action_dispatch/middleware/templates/rescues/routing_error.erb within rescues/layout (1.1ms)


Started GET "/stylesheets/print.css?1297487365" for 127.0.0.1 at Sat Feb 12 11:29:10 -0800 2011

ActionController::RoutingError (No route matches "/stylesheets/print.css"):
  

Rendered /Users/alex/.rvm/gems/ruby-1.8.7-p330@global/gems/actionpack-3.0.3/lib/action_dispatch/middleware/templates/rescues/routing_error.erb within rescues/layout (1.1ms)


Started GET "/javascripts/application.js?1296871254" for 127.0.0.1 at Sat Feb 12 11:29:10 -0800 2011

ActionController::RoutingError (No route matches "/javascripts/application.js"):
  

Rendered /Users/alex/.rvm/gems/ruby-1.8.7-p330@global/gems/actionpack-3.0.3/lib/action_dispatch/middleware/templates/rescues/routing_error.erb within rescues/layout (0.7ms)


Started GET "/javascripts/rails.js?1296871254" for 127.0.0.1 at Sat Feb 12 11:29:10 -0800 2011

ActionController::RoutingError (No route matches "/javascripts/rails.js"):
  

Rendered /Users/alex/.rvm/gems/ruby-1.8.7-p330@global/gems/actionpack-3.0.3/lib/action_dispatch/middleware/templates/rescues/routing_error.erb within rescues/layout (0.7ms)


Started POST "/team/members" for 127.0.0.1 at Sat Feb 12 11:29:18 -0800 2011
  Processing by MembersController#create as HTML
  Parameters: {"member"=>{"name"=>"sdfgadfg", "mentor"=>"0", "picture_url"=>"http://a.com", "college"=>"", "year"=>"2005", "subteam"=>"", "biography"=>""}, "authenticity_token"=>"Rco+AG3FJ1XfkcB8ABaweGlvox7H4dw3iDvDEd0ayhU=", "utf8"=>"✓"}
Expire fragment views/all_members (0.4ms)
Redirected to http://localhost:3000/team/members/1
Completed 302 Found in 6ms


Started GET "/team/members/1" for 127.0.0.1 at Sat Feb 12 11:29:18 -0800 2011
  Processing by MembersController#show as HTML
  Parameters: {"id"=>"1"}
Rendered members/show.html.erb within layouts/application (4.9ms)
Completed 200 OK in 8ms (Views: 7.1ms | ActiveRecord: 0.7ms)


Started GET "/stylesheets/screen.css?1297487365" for 127.0.0.1 at Sat Feb 12 11:29:18 -0800 2011

ActionController::RoutingError (No route matches "/stylesheets/screen.css"):
  

Rendered /Users/alex/.rvm/gems/ruby-1.8.7-p330@global/gems/actionpack-3.0.3/lib/action_dispatch/middleware/templates/rescues/routing_error.erb within rescues/layout (0.7ms)


Started GET "/stylesheets/print.css?1297487365" for 127.0.0.1 at Sat Feb 12 11:29:18 -0800 2011

ActionController::RoutingError (No route matches "/stylesheets/print.css"):
  

Rendered /Users/alex/.rvm/gems/ruby-1.8.7-p330@global/gems/actionpack-3.0.3/lib/action_dispatch/middleware/templates/rescues/routing_error.erb within rescues/layout (0.9ms)


Started GET "/javascripts/application.js?1296871254" for 127.0.0.1 at Sat Feb 12 11:29:18 -0800 2011

ActionController::RoutingError (No route matches "/javascripts/application.js"):
  

Rendered /Users/alex/.rvm/gems/ruby-1.8.7-p330@global/gems/actionpack-3.0.3/lib/action_dispatch/middleware/templates/rescues/routing_error.erb within rescues/layout (0.8ms)


Started GET "/javascripts/rails.js?1296871254" for 127.0.0.1 at Sat Feb 12 11:29:18 -0800 2011

ActionController::RoutingError (No route matches "/javascripts/rails.js"):
  

Rendered /Users/alex/.rvm/gems/ruby-1.8.7-p330@global/gems/actionpack-3.0.3/lib/action_dispatch/middleware/templates/rescues/routing_error.erb within rescues/layout (0.7ms)


Started GET "/team/members" for 127.0.0.1 at Sat Feb 12 11:29:23 -0800 2011
  Processing by MembersController#index as HTML
Exist fragment? views/all_members (0.1ms)
Write fragment views/all_members (1.3ms)
Rendered members/index.html.erb within layouts/application (6.6ms)
Completed 200 OK in 63ms (Views: 6.8ms | ActiveRecord: 0.4ms)


Started GET "/stylesheets/print.css?1297487365" for 127.0.0.1 at Sat Feb 12 11:29:24 -0800 2011

ActionController::RoutingError (No route matches "/stylesheets/print.css"):
  

Rendered /Users/alex/.rvm/gems/ruby-1.8.7-p330@global/gems/actionpack-3.0.3/lib/action_dispatch/middleware/templates/rescues/routing_error.erb within rescues/layout (0.7ms)


Started GET "/stylesheets/screen.css?1297487365" for 127.0.0.1 at Sat Feb 12 11:29:24 -0800 2011

ActionController::RoutingError (No route matches "/stylesheets/screen.css"):
  

Rendered /Users/alex/.rvm/gems/ruby-1.8.7-p330@global/gems/actionpack-3.0.3/lib/action_dispatch/middleware/templates/rescues/routing_error.erb within rescues/layout (0.9ms)


Started GET "/javascripts/rails.js?1296871254" for 127.0.0.1 at Sat Feb 12 11:29:24 -0800 2011

ActionController::RoutingError (No route matches "/javascripts/rails.js"):
  

Rendered /Users/alex/.rvm/gems/ruby-1.8.7-p330@global/gems/actionpack-3.0.3/lib/action_dispatch/middleware/templates/rescues/routing_error.erb within rescues/layout (1.1ms)


Started GET "/javascripts/application.js?1296871254" for 127.0.0.1 at Sat Feb 12 11:29:24 -0800 2011

ActionController::RoutingError (No route matches "/javascripts/application.js"):
  

Rendered /Users/alex/.rvm/gems/ruby-1.8.7-p330@global/gems/actionpack-3.0.3/lib/action_dispatch/middleware/templates/rescues/routing_error.erb within rescues/layout (0.9ms)


Started GET "/images/team-picture.jpg?1297487365" for 127.0.0.1 at Sat Feb 12 11:29:24 -0800 2011

ActionController::RoutingError (No route matches "/images/team-picture.jpg"):
  

Rendered /Users/alex/.rvm/gems/ruby-1.8.7-p330@global/gems/actionpack-3.0.3/lib/action_dispatch/middleware/templates/rescues/routing_error.erb within rescues/layout (0.7ms)


Started GET "/team/members/1" for 127.0.0.1 at Sat Feb 12 11:29:26 -0800 2011
  Processing by MembersController#show as HTML
  Parameters: {"id"=>"1"}
Rendered members/show.html.erb within layouts/application (3.7ms)
Completed 200 OK in 5ms (Views: 4.2ms | ActiveRecord: 0.2ms)


Started GET "/stylesheets/print.css?1297487365" for 127.0.0.1 at Sat Feb 12 11:29:26 -0800 2011

ActionController::RoutingError (No route matches "/stylesheets/print.css"):
  

Rendered /Users/alex/.rvm/gems/ruby-1.8.7-p330@global/gems/actionpack-3.0.3/lib/action_dispatch/middleware/templates/rescues/routing_error.erb within rescues/layout (0.7ms)


Started GET "/stylesheets/screen.css?1297487365" for 127.0.0.1 at Sat Feb 12 11:29:26 -0800 2011

ActionController::RoutingError (No route matches "/stylesheets/screen.css"):
  

Rendered /Users/alex/.rvm/gems/ruby-1.8.7-p330@global/gems/actionpack-3.0.3/lib/action_dispatch/middleware/templates/rescues/routing_error.erb within rescues/layout (0.9ms)


Started GET "/javascripts/rails.js?1296871254" for 127.0.0.1 at Sat Feb 12 11:29:26 -0800 2011

ActionController::RoutingError (No route matches "/javascripts/rails.js"):
  

Rendered /Users/alex/.rvm/gems/ruby-1.8.7-p330@global/gems/actionpack-3.0.3/lib/action_dispatch/middleware/templates/rescues/routing_error.erb within rescues/layout (0.7ms)


Started GET "/javascripts/application.js?1296871254" for 127.0.0.1 at Sat Feb 12 11:29:26 -0800 2011

ActionController::RoutingError (No route matches "/javascripts/application.js"):
  

Rendered /Users/alex/.rvm/gems/ruby-1.8.7-p330@global/gems/actionpack-3.0.3/lib/action_dispatch/middleware/templates/rescues/routing_error.erb within rescues/layout (1.0ms)


Started GET "/team/members/1/edit" for 127.0.0.1 at Sat Feb 12 11:29:28 -0800 2011
  Processing by MembersController#edit as HTML
  Parameters: {"id"=>"1"}
Rendered members/_form.html.erb (4.6ms)
Rendered members/edit.html.erb within layouts/application (10.1ms)
Completed 200 OK in 13ms (Views: 11.6ms | ActiveRecord: 0.2ms)


Started GET "/stylesheets/print.css?1297487365" for 127.0.0.1 at Sat Feb 12 11:29:28 -0800 2011

ActionController::RoutingError (No route matches "/stylesheets/print.css"):
  

Rendered /Users/alex/.rvm/gems/ruby-1.8.7-p330@global/gems/actionpack-3.0.3/lib/action_dispatch/middleware/templates/rescues/routing_error.erb within rescues/layout (1.2ms)


Started GET "/stylesheets/screen.css?1297487365" for 127.0.0.1 at Sat Feb 12 11:29:28 -0800 2011

ActionController::RoutingError (No route matches "/stylesheets/screen.css"):
  

Rendered /Users/alex/.rvm/gems/ruby-1.8.7-p330@global/gems/actionpack-3.0.3/lib/action_dispatch/middleware/templates/rescues/routing_error.erb within rescues/layout (0.7ms)


Started GET "/javascripts/application.js?1296871254" for 127.0.0.1 at Sat Feb 12 11:29:28 -0800 2011

ActionController::RoutingError (No route matches "/javascripts/application.js"):
  

Rendered /Users/alex/.rvm/gems/ruby-1.8.7-p330@global/gems/actionpack-3.0.3/lib/action_dispatch/middleware/templates/rescues/routing_error.erb within rescues/layout (0.7ms)


Started GET "/javascripts/rails.js?1296871254" for 127.0.0.1 at Sat Feb 12 11:29:28 -0800 2011

ActionController::RoutingError (No route matches "/javascripts/rails.js"):
  

Rendered /Users/alex/.rvm/gems/ruby-1.8.7-p330@global/gems/actionpack-3.0.3/lib/action_dispatch/middleware/templates/rescues/routing_error.erb within rescues/layout (0.7ms)


Started POST "/team/members/1" for 127.0.0.1 at Sat Feb 12 11:29:32 -0800 2011
  Processing by MembersController#update as HTML
  Parameters: {"member"=>{"name"=>"sdfgadfg", "mentor"=>"1", "picture_url"=>"http://a.com", "college"=>"", "year"=>"2005", "subteam"=>"", "biography"=>""}, "authenticity_token"=>"Rco+AG3FJ1XfkcB8ABaweGlvox7H4dw3iDvDEd0ayhU=", "utf8"=>"✓", "id"=>"1"}
Expire fragment views/all_members (0.4ms)
Redirected to http://localhost:3000/team/members/1
Completed 302 Found in 7ms


Started GET "/team/members/1" for 127.0.0.1 at Sat Feb 12 11:29:32 -0800 2011
  Processing by MembersController#show as HTML
  Parameters: {"id"=>"1"}
Rendered members/show.html.erb within layouts/application (4.6ms)
Completed 200 OK in 8ms (Views: 6.0ms | ActiveRecord: 0.9ms)


Started GET "/stylesheets/screen.css?1297487365" for 127.0.0.1 at Sat Feb 12 11:29:32 -0800 2011

ActionController::RoutingError (No route matches "/stylesheets/screen.css"):
  

Rendered /Users/alex/.rvm/gems/ruby-1.8.7-p330@global/gems/actionpack-3.0.3/lib/action_dispatch/middleware/templates/rescues/routing_error.erb within rescues/layout (1.2ms)


Started GET "/stylesheets/print.css?1297487365" for 127.0.0.1 at Sat Feb 12 11:29:32 -0800 2011

ActionController::RoutingError (No route matches "/stylesheets/print.css"):
  

Rendered /Users/alex/.rvm/gems/ruby-1.8.7-p330@global/gems/actionpack-3.0.3/lib/action_dispatch/middleware/templates/rescues/routing_error.erb within rescues/layout (0.6ms)


Started GET "/javascripts/rails.js?1296871254" for 127.0.0.1 at Sat Feb 12 11:29:32 -0800 2011

ActionController::RoutingError (No route matches "/javascripts/rails.js"):
  

Rendered /Users/alex/.rvm/gems/ruby-1.8.7-p330@global/gems/actionpack-3.0.3/lib/action_dispatch/middleware/templates/rescues/routing_error.erb within rescues/layout (0.7ms)


Started GET "/javascripts/application.js?1296871254" for 127.0.0.1 at Sat Feb 12 11:29:32 -0800 2011

ActionController::RoutingError (No route matches "/javascripts/application.js"):
  

Rendered /Users/alex/.rvm/gems/ruby-1.8.7-p330@global/gems/actionpack-3.0.3/lib/action_dispatch/middleware/templates/rescues/routing_error.erb within rescues/layout (1.1ms)


Started GET "/team/members" for 127.0.0.1 at Sat Feb 12 11:29:34 -0800 2011
  Processing by MembersController#index as HTML
Exist fragment? views/all_members (0.1ms)
Write fragment views/all_members (1.2ms)
Rendered members/index.html.erb within layouts/application (7.6ms)
Completed 200 OK in 10ms (Views: 8.4ms | ActiveRecord: 0.4ms)


Started GET "/team/members" for 127.0.0.1 at Sat Feb 12 11:29:34 -0800 2011
  Processing by MembersController#index as HTML
Exist fragment? views/all_members (0.2ms)
Read fragment views/all_members (0.0ms)
Rendered members/index.html.erb within layouts/application (4.3ms)
Completed 200 OK in 6ms (Views: 5.1ms | ActiveRecord: 0.0ms)


Started GET "/stylesheets/screen.css?1297487365" for 127.0.0.1 at Sat Feb 12 11:29:34 -0800 2011

ActionController::RoutingError (No route matches "/stylesheets/screen.css"):
  

Rendered /Users/alex/.rvm/gems/ruby-1.8.7-p330@global/gems/actionpack-3.0.3/lib/action_dispatch/middleware/templates/rescues/routing_error.erb within rescues/layout (1.1ms)


Started GET "/stylesheets/print.css?1297487365" for 127.0.0.1 at Sat Feb 12 11:29:34 -0800 2011

ActionController::RoutingError (No route matches "/stylesheets/print.css"):
  

Rendered /Users/alex/.rvm/gems/ruby-1.8.7-p330@global/gems/actionpack-3.0.3/lib/action_dispatch/middleware/templates/rescues/routing_error.erb within rescues/layout (0.7ms)


Started GET "/javascripts/rails.js?1296871254" for 127.0.0.1 at Sat Feb 12 11:29:34 -0800 2011

ActionController::RoutingError (No route matches "/javascripts/rails.js"):
  

Rendered /Users/alex/.rvm/gems/ruby-1.8.7-p330@global/gems/actionpack-3.0.3/lib/action_dispatch/middleware/templates/rescues/routing_error.erb within rescues/layout (0.7ms)


Started GET "/javascripts/application.js?1296871254" for 127.0.0.1 at Sat Feb 12 11:29:34 -0800 2011

ActionController::RoutingError (No route matches "/javascripts/application.js"):
  

Rendered /Users/alex/.rvm/gems/ruby-1.8.7-p330@global/gems/actionpack-3.0.3/lib/action_dispatch/middleware/templates/rescues/routing_error.erb within rescues/layout (1.1ms)


Started GET "/images/team-picture.jpg?1297487365" for 127.0.0.1 at Sat Feb 12 11:29:34 -0800 2011

ActionController::RoutingError (No route matches "/images/team-picture.jpg"):
  

Rendered /Users/alex/.rvm/gems/ruby-1.8.7-p330@global/gems/actionpack-3.0.3/lib/action_dispatch/middleware/templates/rescues/routing_error.erb within rescues/layout (0.6ms)


Started GET "/team/members/1" for 127.0.0.1 at Sat Feb 12 11:29:36 -0800 2011
  Processing by MembersController#show as HTML
  Parameters: {"id"=>"1"}
Rendered members/show.html.erb within layouts/application (3.6ms)
Completed 200 OK in 5ms (Views: 4.2ms | ActiveRecord: 0.2ms)


Started GET "/stylesheets/screen.css?1297487365" for 127.0.0.1 at Sat Feb 12 11:29:36 -0800 2011

ActionController::RoutingError (No route matches "/stylesheets/screen.css"):
  

Rendered /Users/alex/.rvm/gems/ruby-1.8.7-p330@global/gems/actionpack-3.0.3/lib/action_dispatch/middleware/templates/rescues/routing_error.erb within rescues/layout (0.7ms)


Started GET "/stylesheets/print.css?1297487365" for 127.0.0.1 at Sat Feb 12 11:29:36 -0800 2011

ActionController::RoutingError (No route matches "/stylesheets/print.css"):
  

Rendered /Users/alex/.rvm/gems/ruby-1.8.7-p330@global/gems/actionpack-3.0.3/lib/action_dispatch/middleware/templates/rescues/routing_error.erb within rescues/layout (0.8ms)


Started GET "/javascripts/rails.js?1296871254" for 127.0.0.1 at Sat Feb 12 11:29:36 -0800 2011

ActionController::RoutingError (No route matches "/javascripts/rails.js"):
  

Rendered /Users/alex/.rvm/gems/ruby-1.8.7-p330@global/gems/actionpack-3.0.3/lib/action_dispatch/middleware/templates/rescues/routing_error.erb within rescues/layout (0.8ms)


Started GET "/javascripts/application.js?1296871254" for 127.0.0.1 at Sat Feb 12 11:29:36 -0800 2011

ActionController::RoutingError (No route matches "/javascripts/application.js"):
  

Rendered /Users/alex/.rvm/gems/ruby-1.8.7-p330@global/gems/actionpack-3.0.3/lib/action_dispatch/middleware/templates/rescues/routing_error.erb within rescues/layout (0.9ms)


Started GET "/team/members/1" for 127.0.0.1 at Sat Feb 12 11:29:38 -0800 2011
  Processing by MembersController#show as HTML
  Parameters: {"id"=>"1"}
Rendered members/show.html.erb within layouts/application (3.9ms)
Completed 200 OK in 6ms (Views: 4.5ms | ActiveRecord: 0.2ms)


Started GET "/stylesheets/print.css?1297487365" for 127.0.0.1 at Sat Feb 12 11:29:38 -0800 2011

ActionController::RoutingError (No route matches "/stylesheets/print.css"):
  

Rendered /Users/alex/.rvm/gems/ruby-1.8.7-p330@global/gems/actionpack-3.0.3/lib/action_dispatch/middleware/templates/rescues/routing_error.erb within rescues/layout (0.7ms)


Started GET "/javascripts/rails.js?1296871254" for 127.0.0.1 at Sat Feb 12 11:29:38 -0800 2011

ActionController::RoutingError (No route matches "/javascripts/rails.js"):
  

Rendered /Users/alex/.rvm/gems/ruby-1.8.7-p330@global/gems/actionpack-3.0.3/lib/action_dispatch/middleware/templates/rescues/routing_error.erb within rescues/layout (1.0ms)


Started GET "/stylesheets/screen.css?1297487365" for 127.0.0.1 at Sat Feb 12 11:29:38 -0800 2011

ActionController::RoutingError (No route matches "/stylesheets/screen.css"):
  

Rendered /Users/alex/.rvm/gems/ruby-1.8.7-p330@global/gems/actionpack-3.0.3/lib/action_dispatch/middleware/templates/rescues/routing_error.erb within rescues/layout (0.8ms)


Started GET "/javascripts/application.js?1296871254" for 127.0.0.1 at Sat Feb 12 11:29:38 -0800 2011

ActionController::RoutingError (No route matches "/javascripts/application.js"):
  

Rendered /Users/alex/.rvm/gems/ruby-1.8.7-p330@global/gems/actionpack-3.0.3/lib/action_dispatch/middleware/templates/rescues/routing_error.erb within rescues/layout (1.3ms)


Started GET "/team/members/1" for 127.0.0.1 at Sat Feb 12 11:29:50 -0800 2011
  Processing by MembersController#show as HTML
  Parameters: {"id"=>"1"}
Rendered members/show.html.erb within layouts/application (3.7ms)
Completed 200 OK in 6ms (Views: 4.3ms | ActiveRecord: 0.2ms)


Started GET "/stylesheets/screen.css?1297487365" for 127.0.0.1 at Sat Feb 12 11:29:50 -0800 2011

ActionController::RoutingError (No route matches "/stylesheets/screen.css"):
  

Rendered /Users/alex/.rvm/gems/ruby-1.8.7-p330@global/gems/actionpack-3.0.3/lib/action_dispatch/middleware/templates/rescues/routing_error.erb within rescues/layout (0.8ms)


Started GET "/stylesheets/print.css?1297487365" for 127.0.0.1 at Sat Feb 12 11:29:50 -0800 2011

ActionController::RoutingError (No route matches "/stylesheets/print.css"):
  

Rendered /Users/alex/.rvm/gems/ruby-1.8.7-p330@global/gems/actionpack-3.0.3/lib/action_dispatch/middleware/templates/rescues/routing_error.erb within rescues/layout (1.2ms)


Started GET "/javascripts/application.js?1296871254" for 127.0.0.1 at Sat Feb 12 11:29:50 -0800 2011

ActionController::RoutingError (No route matches "/javascripts/application.js"):
  

Rendered /Users/alex/.rvm/gems/ruby-1.8.7-p330@global/gems/actionpack-3.0.3/lib/action_dispatch/middleware/templates/rescues/routing_error.erb within rescues/layout (1.1ms)


Started GET "/javascripts/rails.js?1296871254" for 127.0.0.1 at Sat Feb 12 11:29:50 -0800 2011

ActionController::RoutingError (No route matches "/javascripts/rails.js"):
  

Rendered /Users/alex/.rvm/gems/ruby-1.8.7-p330@global/gems/actionpack-3.0.3/lib/action_dispatch/middleware/templates/rescues/routing_error.erb within rescues/layout (0.7ms)


Started GET "/team/members" for 127.0.0.1 at Sat Feb 12 11:29:54 -0800 2011
  Processing by MembersController#index as HTML
Exist fragment? views/all_members (0.2ms)
Read fragment views/all_members (0.0ms)
Rendered members/index.html.erb within layouts/application (4.1ms)
Completed 200 OK in 6ms (Views: 4.6ms | ActiveRecord: 0.0ms)


Started GET "/stylesheets/screen.css?1297487365" for 127.0.0.1 at Sat Feb 12 11:29:54 -0800 2011

ActionController::RoutingError (No route matches "/stylesheets/screen.css"):
  

Rendered /Users/alex/.rvm/gems/ruby-1.8.7-p330@global/gems/actionpack-3.0.3/lib/action_dispatch/middleware/templates/rescues/routing_error.erb within rescues/layout (0.7ms)


Started GET "/javascripts/application.js?1296871254" for 127.0.0.1 at Sat Feb 12 11:29:54 -0800 2011

ActionController::RoutingError (No route matches "/javascripts/application.js"):
  

Rendered /Users/alex/.rvm/gems/ruby-1.8.7-p330@global/gems/actionpack-3.0.3/lib/action_dispatch/middleware/templates/rescues/routing_error.erb within rescues/layout (1.0ms)


Started GET "/javascripts/rails.js?1296871254" for 127.0.0.1 at Sat Feb 12 11:29:54 -0800 2011

ActionController::RoutingError (No route matches "/javascripts/rails.js"):
  

Rendered /Users/alex/.rvm/gems/ruby-1.8.7-p330@global/gems/actionpack-3.0.3/lib/action_dispatch/middleware/templates/rescues/routing_error.erb within rescues/layout (0.8ms)


Started GET "/stylesheets/print.css?1297487365" for 127.0.0.1 at Sat Feb 12 11:29:54 -0800 2011

ActionController::RoutingError (No route matches "/stylesheets/print.css"):
  

Rendered /Users/alex/.rvm/gems/ruby-1.8.7-p330@global/gems/actionpack-3.0.3/lib/action_dispatch/middleware/templates/rescues/routing_error.erb within rescues/layout (0.9ms)


Started GET "/images/team-picture.jpg?1297487365" for 127.0.0.1 at Sat Feb 12 11:29:54 -0800 2011

ActionController::RoutingError (No route matches "/images/team-picture.jpg"):
  

Rendered /Users/alex/.rvm/gems/ruby-1.8.7-p330@global/gems/actionpack-3.0.3/lib/action_dispatch/middleware/templates/rescues/routing_error.erb within rescues/layout (0.7ms)
